2024-02-17 19:42:14.164  INFO 11548 --- [main] c.r.SpringBootRestApiStarterApplication  : Starting SpringBootRestApiStarterApplication using Java 17.0.8 on DESKTOP-L9RAPOI with PID 11548 (D:\Final Project\Crockery Store\target\classes started by kumaran in D:\Final Project\Crockery Store)
2024-02-17 19:42:14.177  INFO 11548 --- [main] c.r.SpringBootRestApiStarterApplication  : No active profile set, falling back to 1 default profile: "default"
2024-02-17 19:42:16.651  INFO 11548 --- [main] .s.d.r.c.RepositoryConfigurationDelegate : Bootstrapping Spring Data JPA repositories in DEFAULT mode.
2024-02-17 19:42:16.973  INFO 11548 --- [main] .s.d.r.c.RepositoryConfigurationDelegate : Finished Spring Data repository scanning in 296 ms. Found 9 JPA repository interfaces.
2024-02-17 19:42:19.214  INFO 11548 --- [main] o.s.b.w.embedded.tomcat.TomcatWebServer  : Tomcat initialized with port(s): 8080 (http)
2024-02-17 19:42:19.241  INFO 11548 --- [main] o.apache.catalina.core.StandardService   : Starting service [Tomcat]
2024-02-17 19:42:19.242  INFO 11548 --- [main] org.apache.catalina.core.StandardEngine  : Starting Servlet engine: [Apache Tomcat/9.0.82]
2024-02-17 19:42:19.626  INFO 11548 --- [main] o.a.c.c.C.[Tomcat].[localhost].[/]       : Initializing Spring embedded WebApplicationContext
2024-02-17 19:42:19.626  INFO 11548 --- [main] w.s.c.ServletWebServerApplicationContext : Root WebApplicationContext: initialization completed in 5311 ms
2024-02-17 19:42:20.088  INFO 11548 --- [main] o.hibernate.jpa.internal.util.LogHelper  : HHH000204: Processing PersistenceUnitInfo [name: default]
2024-02-17 19:42:20.260  INFO 11548 --- [main] org.hibernate.Version                    : HHH000412: Hibernate ORM core version 5.6.15.Final
2024-02-17 19:42:20.867  INFO 11548 --- [main] o.hibernate.annotations.common.Version   : HCANN000001: Hibernate Commons Annotations {5.1.2.Final}
2024-02-17 19:42:21.425  INFO 11548 --- [main] com.zaxxer.hikari.HikariDataSource       : HikariPool-1 - Starting...
2024-02-17 19:42:21.449  WARN 11548 --- [main] com.zaxxer.hikari.util.DriverDataSource  : Registered driver with driverClassName=com.mysql.jdbc.Driver was not found, trying direct instantiation.
2024-02-17 19:42:24.266  INFO 11548 --- [main] com.zaxxer.hikari.HikariDataSource       : HikariPool-1 - Start completed.
2024-02-17 19:42:24.309  INFO 11548 --- [main] org.hibernate.dialect.Dialect            : HHH000400: Using dialect: org.hibernate.dialect.MySQL8Dialect
2024-02-17 19:42:28.124  INFO 11548 --- [main] o.h.e.t.j.p.i.JtaPlatformInitiator       : HHH000490: Using JtaPlatform implementation: [org.hibernate.engine.transaction.jta.platform.internal.NoJtaPlatform]
2024-02-17 19:42:28.156  INFO 11548 --- [main] j.LocalContainerEntityManagerFactoryBean : Initialized JPA EntityManagerFactory for persistence unit 'default'
2024-02-17 19:42:28.442  WARN 11548 --- [main] JpaBaseConfiguration$JpaWebConfiguration : spring.jpa.open-in-view is enabled by default. Therefore, database queries may be performed during view rendering. Explicitly configure spring.jpa.open-in-view to disable this warning
2024-02-17 19:42:32.483 TRACE 11548 --- [main] eGlobalAuthenticationAutowiredConfigurer : Eagerly initializing {securityConfig=com.restapi.config.SecurityConfig$$EnhancerBySpringCGLIB$$66bc4344@445f6f73}
2024-02-17 19:42:32.747 DEBUG 11548 --- [main] edFilterInvocationSecurityMetadataSource : Adding web access control expression [permitAll] for Ant [pattern='/h2-console/**']
2024-02-17 19:42:32.784 DEBUG 11548 --- [main] edFilterInvocationSecurityMetadataSource : Adding web access control expression [permitAll] for Ant [pattern='/api/auth/**']
2024-02-17 19:42:32.785 DEBUG 11548 --- [main] edFilterInvocationSecurityMetadataSource : Adding web access control expression [permitAll] for Ant [pattern='/swagger-ui/**']
2024-02-17 19:42:32.785 DEBUG 11548 --- [main] edFilterInvocationSecurityMetadataSource : Adding web access control expression [permitAll] for Ant [pattern='/api/download/**']
2024-02-17 19:42:32.785 DEBUG 11548 --- [main] edFilterInvocationSecurityMetadataSource : Adding web access control expression [authenticated] for any request
2024-02-17 19:42:32.796 TRACE 11548 --- [main] o.s.s.w.a.i.FilterSecurityInterceptor    : Validated configuration attributes
2024-02-17 19:42:32.799 TRACE 11548 --- [main] o.s.s.w.a.i.FilterSecurityInterceptor    : Validated configuration attributes
2024-02-17 19:42:32.933  INFO 11548 --- [main] o.s.s.web.DefaultSecurityFilterChain     : Will secure any request with [org.springframework.security.web.session.DisableEncodeUrlFilter@381d7c4c, org.springframework.security.web.context.request.async.WebAsyncManagerIntegrationFilter@1e3689e7, org.springframework.security.web.context.SecurityContextPersistenceFilter@67fda9fb, org.springframework.security.web.header.HeaderWriterFilter@6418075c, org.springframework.web.filter.CorsFilter@259f0fdb, org.springframework.security.web.authentication.logout.LogoutFilter@3d6c7152, org.springframework.security.web.authentication.www.BasicAuthenticationFilter@60660d21, org.springframework.security.web.savedrequest.RequestCacheAwareFilter@66450129, org.springframework.security.web.servletapi.SecurityContextHolderAwareRequestFilter@14f1545c, org.springframework.security.web.authentication.AnonymousAuthenticationFilter@655d5285, org.springframework.security.web.session.SessionManagementFilter@4dfe56dc, org.springframework.security.web.access.ExceptionTranslationFilter@1b18fa79, org.springframework.security.web.access.intercept.FilterSecurityInterceptor@2bef33e7]
2024-02-17 19:42:33.448  INFO 11548 --- [main] o.s.b.w.embedded.tomcat.TomcatWebServer  : Tomcat started on port(s): 8080 (http) with context path ''
2024-02-17 19:42:34.582  INFO 11548 --- [main] c.r.SpringBootRestApiStarterApplication  : Started SpringBootRestApiStarterApplication in 21.406 seconds (JVM running for 22.652)
2024-02-17 19:46:28.326  INFO 11548 --- [SpringApplicationShutdownHook] j.LocalContainerEntityManagerFactoryBean : Closing JPA EntityManagerFactory for persistence unit 'default'
2024-02-17 19:46:28.330  INFO 11548 --- [SpringApplicationShutdownHook] com.zaxxer.hikari.HikariDataSource       : HikariPool-1 - Shutdown initiated...
2024-02-17 19:46:28.336  INFO 11548 --- [SpringApplicationShutdownHook] com.zaxxer.hikari.HikariDataSource       : HikariPool-1 - Shutdown completed.
